Determining if the pthread_create exist failed with the following output:
Change Dir: /home/gmgniap/test_robot/build/CMakeFiles/CMakeTmp

Run Build Command:/usr/bin/make "cmTryCompileExec3414895819/fast"
/usr/bin/make -f CMakeFiles/cmTryCompileExec3414895819.dir/build.make CMakeFiles/cmTryCompileExec3414895819.dir/build
make[1]: Entering directory `/home/gmgniap/test_robot/build/CMakeFiles/CMakeTmp'
/usr/bin/cmake -E cmake_progress_report /home/gmgniap/test_robot/build/CMakeFiles/CMakeTmp/CMakeFiles 1
Building C object CMakeFiles/cmTryCompileExec3414895819.dir/CheckSymbolExists.c.o
/usr/bin/cc    -o CMakeFiles/cmTryCompileExec3414895819.dir/CheckSymbolExists.c.o   -c /home/gmgniap/test_robot/build/CMakeFiles/CMakeTmp/CheckSymbolExists.c
Linking C executable cmTryCompileExec3414895819
/usr/bin/cmake -E cmake_link_script CMakeFiles/cmTryCompileExec3414895819.dir/link.txt --verbose=1
/usr/bin/cc       CMakeFiles/cmTryCompileExec3414895819.dir/CheckSymbolExists.c.o  -o cmTryCompileExec3414895819 -rdynamic 
CMakeFiles/cmTryCompileExec3414895819.dir/CheckSymbolExists.c.o: In function `main':
CheckSymbolExists.c:(.text+0x16): undefined reference to `pthread_create'
collect2: error: ld returned 1 exit status
make[1]: Leaving directory `/home/gmgniap/test_robot/build/CMakeFiles/CMakeTmp'
make[1]: *** [cmTryCompileExec3414895819] Error 1
make: *** [cmTryCompileExec3414895819/fast] Error 2

File /home/gmgniap/test_robot/build/CMakeFiles/CMakeTmp/CheckSymbolExists.c:
/* */
#include <pthread.h>

int main(int argc, char** argv)
{
  (void)argv;
#ifndef pthread_create
  return ((int*)(&pthread_create))[argc];
#else
  (void)argc;
  return 0;
#endif
}

Determining if the function pthread_create exists in the pthreads failed with the following output:
Change Dir: /home/gmgniap/test_robot/build/CMakeFiles/CMakeTmp

Run Build Command:/usr/bin/make "cmTryCompileExec548234800/fast"
/usr/bin/make -f CMakeFiles/cmTryCompileExec548234800.dir/build.make CMakeFiles/cmTryCompileExec548234800.dir/build
make[1]: Entering directory `/home/gmgniap/test_robot/build/CMakeFiles/CMakeTmp'
/usr/bin/cmake -E cmake_progress_report /home/gmgniap/test_robot/build/CMakeFiles/CMakeTmp/CMakeFiles 1
Building C object CMakeFiles/cmTryCompileExec548234800.dir/CheckFunctionExists.c.o
/usr/bin/cc   -DCHECK_FUNCTION_EXISTS=pthread_create   -o CMakeFiles/cmTryCompileExec548234800.dir/CheckFunctionExists.c.o   -c /usr/share/cmake-2.8/Modules/CheckFunctionExists.c
Linking C executable cmTryCompileExec548234800
/usr/bin/cmake -E cmake_link_script CMakeFiles/cmTryCompileExec548234800.dir/link.txt --verbose=1
/usr/bin/cc   -DCHECK_FUNCTION_EXISTS=pthread_create    CMakeFiles/cmTryCompileExec548234800.dir/CheckFunctionExists.c.o  -o cmTryCompileExec548234800 -rdynamic -lpthreads 
/usr/bin/ld: cannot find -lpthreads
collect2: error: ld returned 1 exit status
make[1]: *** [cmTryCompileExec548234800] Error 1
make[1]: Leaving directory `/home/gmgniap/test_robot/build/CMakeFiles/CMakeTmp'
make: *** [cmTryCompileExec548234800/fast] Error 2


